<?xml version="1.0" encoding="UTF-8"?>
<testsuites name="Mocha Tests" time="9.329" tests="4" failures="0">
  <testsuite name="Root Suite" timestamp="2024-01-18T13:50:37" tests="0" file="cypress/e2e/automation-teststore/iterate-over-element.cy.js" time="0.000" failures="0">
  </testsuite>
  <testsuite name="Itarate over elements" timestamp="2024-01-18T13:50:37" tests="4" time="9.288" failures="0">
    <testcase name="Itarate over elements Log information of all products" time="2.270" classname="Log information of all products">
    </testcase>
    <testcase name="Itarate over elements Add specific product to basket" time="1.472" classname="Add specific product to basket">
    </testcase>
    <testcase name="Itarate over elements Add another specific product to basket" time="1.491" classname="Add another specific product to basket">
    </testcase>
    <testcase name="Itarate over elements Add the third product to the basket" time="1.592" classname="Add the third product to the basket">
    </testcase>
  </testsuite>
</testsuites>