<?xml version="1.0" encoding="UTF-8"?>
<testsuites name="Mocha Tests" time="10.045" tests="4" failures="0">
  <testsuite name="Root Suite" timestamp="2024-01-17T13:24:55" tests="0" file="cypress/e2e/automation-teststore/iterate-over-element.cy.js" time="0.000" failures="0">
  </testsuite>
  <testsuite name="Itarate over elements" timestamp="2024-01-17T13:24:55" tests="4" time="10.002" failures="0">
    <testcase name="Itarate over elements Log information of all products" time="2.599" classname="Log information of all products">
    </testcase>
    <testcase name="Itarate over elements Add specific product to basket" time="1.681" classname="Add specific product to basket">
    </testcase>
    <testcase name="Itarate over elements Add another specific product to basket" time="1.780" classname="Add another specific product to basket">
    </testcase>
    <testcase name="Itarate over elements Add the third product to the basket" time="1.523" classname="Add the third product to the basket">
    </testcase>
  </testsuite>
</testsuites>