<?xml version="1.0" encoding="UTF-8"?>
<testsuites name="Mocha Tests" time="3.770" tests="1" failures="0">
  <testsuite name="Root Suite" timestamp="2024-01-18T14:26:52" tests="0" file="cypress/e2e/automation-teststore/variables-and-cy-commands.cy.js" time="0.000" failures="0">
  </testsuite>
  <testsuite name="Verify variables, cy commands and jQuary commands" timestamp="2024-01-18T14:26:52" tests="1" time="3.747" failures="0">
    <testcase name="Verify variables, cy commands and jQuary commands validate properties of the contact-us page" time="1.380" classname="validate properties of the contact-us page">
    </testcase>
  </testsuite>
</testsuites>