<?xml version="1.0" encoding="UTF-8"?>
<testsuites name="Mocha Tests" time="3.781" tests="1" failures="0">
  <testsuite name="Root Suite" timestamp="2023-12-04T14:09:03" tests="0" file="cypress/e2e/webdriver-uni/date-picker.cy.js" time="0.000" failures="0">
  </testsuite>
  <testsuite name="Test datepicker" timestamp="2023-12-04T14:09:03" tests="1" time="3.765" failures="0">
    <testcase name="Test datepicker Select date from he date picker" time="3.685" classname="Select date from he date picker">
    </testcase>
  </testsuite>
</testsuites>