<?xml version="1.0" encoding="UTF-8"?>
<testsuites name="Mocha Tests" time="1.598" tests="2" failures="0">
  <testsuite name="Root Suite" timestamp="2023-12-04T14:09:28" tests="0" file="cypress/e2e/webdriver-uni/radio-buttons.cy.js" time="0.000" failures="0">
  </testsuite>
  <testsuite name="verify radio buttons" timestamp="2023-12-04T14:09:28" tests="2" time="1.576" failures="0">
    <testcase name="verify radio buttons Check specific radio buttons" time="1.099" classname="Check specific radio buttons">
    </testcase>
    <testcase name="verify radio buttons validate the state of specific radio buttons" time="0.469" classname="validate the state of specific radio buttons">
    </testcase>
  </testsuite>
</testsuites>