<?xml version="1.0" encoding="UTF-8"?>
<testsuites name="Mocha Tests" time="4.371" tests="1" failures="0">
  <testsuite name="Root Suite" timestamp="2024-01-18T14:26:14" tests="0" file="cypress/e2e/automation-teststore/count-no-of-products.cy.js" time="0.000" failures="0">
  </testsuite>
  <testsuite name="count no of products and validate add to cart" timestamp="2024-01-18T14:26:14" tests="1" time="4.333" failures="0">
    <testcase name="count no of products and validate add to cart Count no of products" time="1.765" classname="Count no of products">
    </testcase>
  </testsuite>
</testsuites>