<?xml version="1.0" encoding="UTF-8"?>
<testsuites name="Mocha Tests" time="5.197" tests="1" failures="0">
  <testsuite name="Root Suite" timestamp="2024-01-17T13:24:31" tests="0" file="cypress/e2e/automation-teststore/count-no-of-products.cy.js" time="0.000" failures="0">
  </testsuite>
  <testsuite name="count no of products and validate add to cart" timestamp="2024-01-17T13:24:31" tests="1" time="5.166" failures="0">
    <testcase name="count no of products and validate add to cart Count no of products" time="2.859" classname="Count no of products">
    </testcase>
  </testsuite>
</testsuites>