<?xml version="1.0" encoding="UTF-8"?>
<testsuites name="Mocha Tests" time="4.992" tests="1" failures="1">
  <testsuite name="Root Suite" timestamp="2024-01-17T12:43:09" tests="0" file="cypress/e2e/automation-teststore/alias-invoke.cy.js" time="0.000" failures="0">
  </testsuite>
  <testsuite name="Alias and invoke" timestamp="2024-01-17T12:43:09" tests="1" time="4.970" failures="1">
    <testcase name="Alias and invoke Calculate total of normal and sale product" time="1.968" classname="Calculate total of normal and sale product">
      <failure message="expected 660.5 to equal 656.5" type="AssertionError"><![CDATA[AssertionError: expected 660.5 to equal 656.5
    at Context.eval (webpack:///./cypress/e2e/automation-teststore/alias-invoke.cy.js:52:34)

      + expected - actual

      -660.5
      +656.5
      ]]></failure>
    </testcase>
  </testsuite>
</testsuites>