<?xml version="1.0" encoding="UTF-8"?>
<testsuites name="Mocha Tests" time="3.198" tests="4" failures="0">
  <testsuite name="Root Suite" timestamp="2024-01-18T13:52:35" tests="0" file="cypress/e2e/webdriver-uni/scroll, mouse-actions.cy.js" time="0.000" failures="0">
  </testsuite>
  <testsuite name="Test mouse actions" timestamp="2024-01-18T13:52:35" tests="4" time="3.156" failures="0">
    <testcase name="Test mouse actions Scroll into view" time="1.354" classname="Scroll into view">
    </testcase>
    <testcase name="Test mouse actions Drag and drop an element" time="0.696" classname="Drag and drop an element">
    </testcase>
    <testcase name="Test mouse actions Doubble click the element" time="0.554" classname="Doubble click the element">
    </testcase>
    <testcase name="Test mouse actions Hold the mouse key" time="0.525" classname="Hold the mouse key">
    </testcase>
  </testsuite>
</testsuites>