<?xml version="1.0" encoding="UTF-8"?>
<testsuites name="Mocha Tests" time="36.567" tests="1" failures="1">
  <testsuite name="Root Suite" timestamp="2024-01-17T12:43:18" tests="0" file="cypress/e2e/automation-teststore/contact-us.cy.js" time="0.000" failures="0">
  </testsuite>
  <testsuite name="Test Contact Us form via automation test store" timestamp="2024-01-17T12:43:18" tests="1" time="36.524" failures="1">
    <testcase name="Test Contact Us form via automation test store Should be able to submit succesfully" time="11.333" classname="Should be able to submit succesfully">
      <failure message="Timed out retrying after 10000ms: Expected to find element: `//a[normalize-space()=&apos;Contact Us888&apos;]`, but never found it." type="AssertionError"><![CDATA[AssertionError: Timed out retrying after 10000ms: Expected to find element: `//a[normalize-space()='Contact Us888']`, but never found it.
    at Context.eval (webpack:///./cypress/e2e/automation-teststore/contact-us.cy.js:17:9)]]></failure>
    </testcase>
  </testsuite>
</testsuites>