<?xml version="1.0" encoding="UTF-8"?>
<testsuites name="Mocha Tests" time="2.992" tests="1" failures="0">
  <testsuite name="Root Suite" timestamp="2024-01-18T13:51:03" tests="0" file="cypress/e2e/webdriver-uni/auto-complete-dropdown-list.cy.js" time="0.000" failures="0">
  </testsuite>
  <testsuite name="verify auto-complete drop down list" timestamp="2024-01-18T13:51:03" tests="1" time="2.943" failures="0">
    <testcase name="verify auto-complete drop down list select specific product based on the first letter" time="2.893" classname="select specific product based on the first letter">
    </testcase>
  </testsuite>
</testsuites>