<?xml version="1.0" encoding="UTF-8"?>
<testsuites name="Mocha Tests" time="2.020" tests="1" failures="0">
  <testsuite name="Root Suite" timestamp="2024-01-18T13:52:09" tests="0" file="cypress/e2e/webdriver-uni/iframe.cy.js" time="0.000" failures="0">
  </testsuite>
  <testsuite name="Handling iframe and modals" timestamp="2024-01-18T13:52:09" tests="1" time="1.977" failures="0">
    <testcase name="Handling iframe and modals Handle webdriveruni iframe and modal" time="1.953" classname="Handle webdriveruni iframe and modal">
    </testcase>
  </testsuite>
</testsuites>