<?xml version="1.0" encoding="UTF-8"?>
<testsuites name="Mocha Tests" time="3.223" tests="4" failures="0">
  <testsuite name="Root Suite" timestamp="2024-01-18T13:52:17" tests="0" file="cypress/e2e/webdriver-uni/js-alerts.cy.js" time="0.000" failures="0">
  </testsuite>
  <testsuite name="handle allerts" timestamp="2024-01-18T13:52:17" tests="4" time="3.176" failures="0">
    <testcase name="handle allerts Confirm js allert contains a given text" time="1.372" classname="Confirm js allert contains a given text">
    </testcase>
    <testcase name="handle allerts Validate confirm alert box works correctly when clicking ok" time="0.609" classname="Validate confirm alert box works correctly when clicking ok">
    </testcase>
    <testcase name="handle allerts Validate confirm alert box works correctly when clicking cancel" time="0.640" classname="Validate confirm alert box works correctly when clicking cancel">
    </testcase>
    <testcase name="handle allerts Validate alert box using a stub" time="0.540" classname="Validate alert box using a stub">
    </testcase>
  </testsuite>
</testsuites>