<?xml version="1.0" encoding="UTF-8"?>
<testsuites name="Mocha Tests" time="1.761" tests="2" failures="0">
  <testsuite name="Root Suite" timestamp="2023-12-04T14:09:11" tests="0" file="cypress/e2e/webdriver-uni/file-upload.cy.js" time="0.000" failures="0">
  </testsuite>
  <testsuite name="Test file upload" timestamp="2023-12-04T14:09:11" tests="2" time="1.745" failures="0">
    <testcase name="Test file upload upload a file" time="1.151" classname="upload a file">
    </testcase>
    <testcase name="Test file upload Upload no file" time="0.566" classname="Upload no file">
    </testcase>
  </testsuite>
</testsuites>