<?xml version="1.0" encoding="UTF-8"?>
<testsuites name="Mocha Tests" time="5.136" tests="1" failures="0">
  <testsuite name="Root Suite" timestamp="2024-01-18T14:24:16" tests="0" file="cypress/e2e/automation-teststore/inspect-item.cy.js" time="0.000" failures="0">
  </testsuite>
  <testsuite name="Inspect store item" timestamp="2024-01-18T14:24:16" tests="1" time="5.096" failures="0">
    <testcase name="Inspect store item Click on the first item using item txt" time="2.441" classname="Click on the first item using item txt">
    </testcase>
  </testsuite>
</testsuites>