<?xml version="1.0" encoding="UTF-8"?>
<testsuites name="Mocha Tests" time="2.317" tests="3" failures="0">
  <testsuite name="Root Suite" timestamp="2023-12-04T14:08:47" tests="0" file="cypress/e2e/webdriver-uni/checkboxes.cy.js" time="0.000" failures="0">
  </testsuite>
  <testsuite name="verify checkboxes" timestamp="2023-12-04T14:08:47" tests="3" time="2.272" failures="0">
    <testcase name="verify checkboxes Check and validate checkboxes" time="0.967" classname="Check and validate checkboxes">
    </testcase>
    <testcase name="verify checkboxes Uncheck and validate checkboxes" time="0.296" classname="Uncheck and validate checkboxes">
    </testcase>
    <testcase name="verify checkboxes check multiple checkboxes and validate checkboxes" time="1.008" classname="check multiple checkboxes and validate checkboxes">
    </testcase>
  </testsuite>
</testsuites>